0 info it worked if it ends with ok
1 verbose cli [ 'A:\\Arquivos de Programas\\nodejs\\node.exe',
1 verbose cli   'A:\\Arquivos de Programas\\nodejs\\node_modules\\npm\\bin\\npm-cli.js',
1 verbose cli   'start' ]
2 info using npm@3.10.8
3 info using node@v6.9.1
4 verbose run-script [ 'prestart', 'start', 'poststart' ]
5 info lifecycle typescript-api@1.0.0~prestart: typescript-api@1.0.0
6 silly lifecycle typescript-api@1.0.0~prestart: no script for prestart, continuing
7 info lifecycle typescript-api@1.0.0~start: typescript-api@1.0.0
8 verbose lifecycle typescript-api@1.0.0~start: unsafe-perm in lifecycle true
9 verbose lifecycle typescript-api@1.0.0~start: PATH: A:\Arquivos de Programas\nodejs\node_modules\npm\bin\node-gyp-bin;D:\ESTUDO\UDEMY\typescript-api\node_modules\.bin;C:\Users\raffa\bin;C:\Program Files\Git\mingw64\bin;C:\Program Files\Git\usr\local\bin;C:\Program Files\Git\usr\bin;C:\Program Files\Git\usr\bin;C:\Program Files\Git\mingw64\bin;C:\Program Files\Git\usr\bin;C:\Users\raffa\bin;C:\Program Files (x86)\Intel\iCLS Client;C:\Program Files\Intel\iCLS Client;C:\Windows\system32;C:\Windows;C:\Windows\System32\Wbem;C:\Windows\System32\WindowsPowerShell\v1.0;C:\Program Files (x86)\Intel\Intel(R) Management Engine Components\DAL;C:\Program Files\Intel\Intel(R) Management Engine Components\DAL;C:\Program Files (x86)\Intel\Intel(R) Management Engine Components\IPT;C:\Program Files\Intel\Intel(R) Management Engine Components\IPT;C:\Program Files\Microsoft DNX\Dnvm;C:\Program Files\Microsoft SQL Server\120\Tools\Binn;C:\Program Files\Microsoft SQL Server\130\Tools\Binn;C:\Program Files (x86)\Windows Kits\10\Windows Performance Toolkit;C:\Program Files\MySQL\MySQL Utilities 1.6;C:\Program Files\Git\cmd;C:\Program Files\Microsoft SQL Server\110\Tools\Binn;C:\Program Files (x86)\Microsoft SQL Server\110\Tools\Binn;C:\Program Files\Microsoft SQL Server\110\DTS\Binn;C:\Program Files (x86)\Microsoft SQL Server\110\Tools\Binn\ManagementStudio;C:\Program Files (x86)\Microsoft Visual Studio 10.0\Common7\IDE\PrivateAssemblies;C:\Program Files (x86)\Microsoft SQL Server\110\DTS\Binn;C:\Program Files (x86)\NVIDIA Corporation\PhysX\Common;C:\WINDOWS\system32;C:\WINDOWS;C:\WINDOWS\System32\Wbem;C:\WINDOWS\System32\WindowsPowerShell\v1.0;A:\Arquivos de Programas\nodejs;C:\Users\raffa\AppData\Local\Microsoft\WindowsApps;A:\Arquivos de Programas\Microsoft VS Code\bin;C:\Users\raffa\AppData\Roaming\npm;C:\Program Files\Git\usr\bin\vendor_perl;C:\Program Files\Git\usr\bin\core_perl
10 verbose lifecycle typescript-api@1.0.0~start: CWD: D:\ESTUDO\UDEMY\typescript-api
11 silly lifecycle typescript-api@1.0.0~start: Args: [ '/d /s /c', 'ts-node ./server/server.ts' ]
12 silly lifecycle typescript-api@1.0.0~start: Returned: code: 1  signal: null
13 info lifecycle typescript-api@1.0.0~start: Failed to exec start script
14 verbose stack Error: typescript-api@1.0.0 start: `ts-node ./server/server.ts`
14 verbose stack Exit status 1
14 verbose stack     at EventEmitter.<anonymous> (A:\Arquivos de Programas\nodejs\node_modules\npm\lib\utils\lifecycle.js:255:16)
14 verbose stack     at emitTwo (events.js:106:13)
14 verbose stack     at EventEmitter.emit (events.js:191:7)
14 verbose stack     at ChildProcess.<anonymous> (A:\Arquivos de Programas\nodejs\node_modules\npm\lib\utils\spawn.js:40:14)
14 verbose stack     at emitTwo (events.js:106:13)
14 verbose stack     at ChildProcess.emit (events.js:191:7)
14 verbose stack     at maybeClose (internal/child_process.js:877:16)
14 verbose stack     at Process.ChildProcess._handle.onexit (internal/child_process.js:226:5)
15 verbose pkgid typescript-api@1.0.0
16 verbose cwd D:\ESTUDO\UDEMY\typescript-api\server
17 error Windows_NT 10.0.16299
18 error argv "A:\\Arquivos de Programas\\nodejs\\node.exe" "A:\\Arquivos de Programas\\nodejs\\node_modules\\npm\\bin\\npm-cli.js" "start"
19 error node v6.9.1
20 error npm  v3.10.8
21 error code ELIFECYCLE
22 error typescript-api@1.0.0 start: `ts-node ./server/server.ts`
22 error Exit status 1
23 error Failed at the typescript-api@1.0.0 start script 'ts-node ./server/server.ts'.
23 error Make sure you have the latest version of node.js and npm installed.
23 error If you do, this is most likely a problem with the typescript-api package,
23 error not with npm itself.
23 error Tell the author that this fails on your system:
23 error     ts-node ./server/server.ts
23 error You can get information on how to open an issue for this project with:
23 error     npm bugs typescript-api
23 error Or if that isn't available, you can get their info via:
23 error     npm owner ls typescript-api
23 error There is likely additional logging output above.
24 verbose exit [ 1, true ]
